2005.06.20 14:46 B C:\Documents and Settings\herman\Mes documents\Big\.classpath --> exesol1.ifsic.univ-rennes1.fr /private/staff/n/an/herman/Big .classpath
2005.06.20 14:46 B C:\Documents and Settings\herman\Mes documents\Big\.project --> exesol1.ifsic.univ-rennes1.fr /private/staff/n/an/herman/Big .project
2005.06.20 14:46 B C:\Documents and Settings\herman\Mes documents\Big\aaa.bat --> exesol1.ifsic.univ-rennes1.fr /private/staff/n/an/herman/Big aaa.bat
2005.06.20 14:46 B C:\Documents and Settings\herman\Mes documents\Big\automate.dtd --> exesol1.ifsic.univ-rennes1.fr /private/staff/n/an/herman/Big automate.dtd
2005.06.20 14:46 B C:\Documents and Settings\herman\Mes documents\Big\automate.xml --> exesol1.ifsic.univ-rennes1.fr /private/staff/n/an/herman/Big automate.xml
2005.06.20 14:46 B C:\Documents and Settings\herman\Mes documents\Big\automate.xsd --> exesol1.ifsic.univ-rennes1.fr /private/staff/n/an/herman/Big automate.xsd
2005.06.20 14:46 B C:\Documents and Settings\herman\Mes documents\Big\CatégoriesLexicales.java --> exesol1.ifsic.univ-rennes1.fr /private/staff/n/an/herman/Big CatégoriesLexicales.java
2005.06.20 14:46 B C:\Documents and Settings\herman\Mes documents\Big\Copie de livre.xsl --> exesol1.ifsic.univ-rennes1.fr /private/staff/n/an/herman/Big Copie de livre.xsl
2005.06.20 14:46 B C:\Documents and Settings\herman\Mes documents\Big\entete.xml --> exesol1.ifsic.univ-rennes1.fr /private/staff/n/an/herman/Big entete.xml
2005.06.20 14:46 B C:\Documents and Settings\herman\Mes documents\Big\ex1.big --> exesol1.ifsic.univ-rennes1.fr /private/staff/n/an/herman/Big ex1.big
2005.06.20 14:46 B C:\Documents and Settings\herman\Mes documents\Big\ex1.obj --> exesol1.ifsic.univ-rennes1.fr /private/staff/n/an/herman/Big ex1.obj
2005.06.20 14:46 B C:\Documents and Settings\herman\Mes documents\Big\ex1.xml --> exesol1.ifsic.univ-rennes1.fr /private/staff/n/an/herman/Big ex1.xml
2005.06.20 14:46 B C:\Documents and Settings\herman\Mes documents\Big\ex2.big --> exesol1.ifsic.univ-rennes1.fr /private/staff/n/an/herman/Big ex2.big
2005.06.20 14:46 B C:\Documents and Settings\herman\Mes documents\Big\ex2.obj --> exesol1.ifsic.univ-rennes1.fr /private/staff/n/an/herman/Big ex2.obj
2005.06.20 14:46 B C:\Documents and Settings\herman\Mes documents\Big\ex2.xml --> exesol1.ifsic.univ-rennes1.fr /private/staff/n/an/herman/Big ex2.xml
2005.06.20 14:46 B C:\Documents and Settings\herman\Mes documents\Big\grammaire-biglang-padre.eml --> exesol1.ifsic.univ-rennes1.fr /private/staff/n/an/herman/Big grammaire-biglang-padre.eml
2005.06.20 14:46 B C:\Documents and Settings\herman\Mes documents\Big\grammaire.dtd --> exesol1.ifsic.univ-rennes1.fr /private/staff/n/an/herman/Big grammaire.dtd
2005.06.20 14:46 B C:\Documents and Settings\herman\Mes documents\Big\grammaire.xml --> exesol1.ifsic.univ-rennes1.fr /private/staff/n/an/herman/Big grammaire.xml
2005.06.20 14:46 B C:\Documents and Settings\herman\Mes documents\Big\grammaire.xsd --> exesol1.ifsic.univ-rennes1.fr /private/staff/n/an/herman/Big grammaire.xsd
2005.06.20 14:46 B C:\Documents and Settings\herman\Mes documents\Big\grammaire.xsl --> exesol1.ifsic.univ-rennes1.fr /private/staff/n/an/herman/Big grammaire.xsl
2005.06.20 14:46 B C:\Documents and Settings\herman\Mes documents\Big\lex.big --> exesol1.ifsic.univ-rennes1.fr /private/staff/n/an/herman/Big lex.big
2005.06.20 14:46 B C:\Documents and Settings\herman\Mes documents\Big\string-width.xslt --> exesol1.ifsic.univ-rennes1.fr /private/staff/n/an/herman/Big string-width.xslt
2005.06.20 14:46 B C:\Documents and Settings\herman\Mes documents\Big\test.big --> exesol1.ifsic.univ-rennes1.fr /private/staff/n/an/herman/Big test.big
2005.06.20 14:46 B C:\Documents and Settings\herman\Mes documents\Big\test.obj --> exesol1.ifsic.univ-rennes1.fr /private/staff/n/an/herman/Big test.obj
2005.06.20 14:46 B C:\Documents and Settings\herman\Mes documents\Big\test.svg --> exesol1.ifsic.univ-rennes1.fr /private/staff/n/an/herman/Big test.svg
2005.06.20 14:46 B C:\Documents and Settings\herman\Mes documents\Big\test.xml --> exesol1.ifsic.univ-rennes1.fr /private/staff/n/an/herman/Big test.xml
2005.06.20 14:46 B C:\Documents and Settings\herman\Mes documents\Big\trunk.xslt --> exesol1.ifsic.univ-rennes1.fr /private/staff/n/an/herman/Big trunk.xslt
2005.06.20 14:46 B C:\Documents and Settings\herman\Mes documents\Big\xml2svg.xslt --> exesol1.ifsic.univ-rennes1.fr /private/staff/n/an/herman/Big xml2svg.xslt
2005.06.22 12:23 B C:\Documents and Settings\herman\Mes documents\Big\.classpath --> exesol1.ifsic.univ-rennes1.fr /private/staff/n/an/herman/Big .classpath
2005.06.22 12:23 B C:\Documents and Settings\herman\Mes documents\Big\.project --> exesol1.ifsic.univ-rennes1.fr /private/staff/n/an/herman/Big .project
2005.06.22 12:23 B C:\Documents and Settings\herman\Mes documents\Big\aaa.bat --> exesol1.ifsic.univ-rennes1.fr /private/staff/n/an/herman/Big aaa.bat
2005.06.22 12:23 B C:\Documents and Settings\herman\Mes documents\Big\automate.dtd --> exesol1.ifsic.univ-rennes1.fr /private/staff/n/an/herman/Big automate.dtd
2005.06.22 12:23 B C:\Documents and Settings\herman\Mes documents\Big\automate.xml --> exesol1.ifsic.univ-rennes1.fr /private/staff/n/an/herman/Big automate.xml
2005.06.22 12:23 B C:\Documents and Settings\herman\Mes documents\Big\automate.xsd --> exesol1.ifsic.univ-rennes1.fr /private/staff/n/an/herman/Big automate.xsd
2005.06.22 12:23 B C:\Documents and Settings\herman\Mes documents\Big\CatégoriesLexicales.java --> exesol1.ifsic.univ-rennes1.fr /private/staff/n/an/herman/Big CatégoriesLexicales.java
2005.06.22 12:23 B C:\Documents and Settings\herman\Mes documents\Big\Copie de livre.xsl --> exesol1.ifsic.univ-rennes1.fr /private/staff/n/an/herman/Big Copie de livre.xsl
2005.06.22 12:23 B C:\Documents and Settings\herman\Mes documents\Big\entete.xml --> exesol1.ifsic.univ-rennes1.fr /private/staff/n/an/herman/Big entete.xml
2005.06.22 12:24 B C:\Documents and Settings\herman\Mes documents\Big\ex1.big --> exesol1.ifsic.univ-rennes1.fr /private/staff/n/an/herman/Big ex1.big
2005.06.22 12:24 B C:\Documents and Settings\herman\Mes documents\Big\ex1.obj --> exesol1.ifsic.univ-rennes1.fr /private/staff/n/an/herman/Big ex1.obj
2005.06.22 12:24 B C:\Documents and Settings\herman\Mes documents\Big\ex1.xml --> exesol1.ifsic.univ-rennes1.fr /private/staff/n/an/herman/Big ex1.xml
2005.06.22 12:24 B C:\Documents and Settings\herman\Mes documents\Big\ex2.big --> exesol1.ifsic.univ-rennes1.fr /private/staff/n/an/herman/Big ex2.big
2005.06.22 12:24 B C:\Documents and Settings\herman\Mes documents\Big\ex2.obj --> exesol1.ifsic.univ-rennes1.fr /private/staff/n/an/herman/Big ex2.obj
2005.06.22 12:24 B C:\Documents and Settings\herman\Mes documents\Big\ex2.xml --> exesol1.ifsic.univ-rennes1.fr /private/staff/n/an/herman/Big ex2.xml
2005.06.22 12:24 B C:\Documents and Settings\herman\Mes documents\Big\grammaire-biglang-padre.eml --> exesol1.ifsic.univ-rennes1.fr /private/staff/n/an/herman/Big grammaire-biglang-padre.eml
2005.06.22 12:24 B C:\Documents and Settings\herman\Mes documents\Big\grammaire.dtd --> exesol1.ifsic.univ-rennes1.fr /private/staff/n/an/herman/Big grammaire.dtd
2005.06.22 12:24 B C:\Documents and Settings\herman\Mes documents\Big\grammaire.xml --> exesol1.ifsic.univ-rennes1.fr /private/staff/n/an/herman/Big grammaire.xml
2005.06.22 12:24 B C:\Documents and Settings\herman\Mes documents\Big\grammaire.xsd --> exesol1.ifsic.univ-rennes1.fr /private/staff/n/an/herman/Big grammaire.xsd
2005.06.22 12:24 B C:\Documents and Settings\herman\Mes documents\Big\grammaire.xsl --> exesol1.ifsic.univ-rennes1.fr /private/staff/n/an/herman/Big grammaire.xsl
2005.06.22 12:24 B C:\Documents and Settings\herman\Mes documents\Big\lex.big --> exesol1.ifsic.univ-rennes1.fr /private/staff/n/an/herman/Big lex.big
2005.06.22 12:24 B C:\Documents and Settings\herman\Mes documents\Big\string-width.xslt --> exesol1.ifsic.univ-rennes1.fr /private/staff/n/an/herman/Big string-width.xslt
2005.06.22 12:24 B C:\Documents and Settings\herman\Mes documents\Big\test.big --> exesol1.ifsic.univ-rennes1.fr /private/staff/n/an/herman/Big test.big
2005.06.22 12:24 B C:\Documents and Settings\herman\Mes documents\Big\test.obj --> exesol1.ifsic.univ-rennes1.fr /private/staff/n/an/herman/Big test.obj
2005.06.22 12:24 B C:\Documents and Settings\herman\Mes documents\Big\test.svg --> exesol1.ifsic.univ-rennes1.fr /private/staff/n/an/herman/Big test.svg
2005.06.22 12:24 B C:\Documents and Settings\herman\Mes documents\Big\test.xml --> exesol1.ifsic.univ-rennes1.fr /private/staff/n/an/herman/Big test.xml
2005.06.22 12:24 B C:\Documents and Settings\herman\Mes documents\Big\trunk.xslt --> exesol1.ifsic.univ-rennes1.fr /private/staff/n/an/herman/Big trunk.xslt
2005.06.22 12:24 B C:\Documents and Settings\herman\Mes documents\Big\WS_FTP.LOG --> exesol1.ifsic.univ-rennes1.fr /private/staff/n/an/herman/Big WS_FTP.LOG
2005.06.22 12:24 B C:\Documents and Settings\herman\Mes documents\Big\xml2svg.xslt --> exesol1.ifsic.univ-rennes1.fr /private/staff/n/an/herman/Big xml2svg.xslt
2005.06.22 12:35 B C:\Documents and Settings\herman\Mes documents\Big\.classpath --> exesol1.ifsic.univ-rennes1.fr /private/staff/n/an/herman/Big .classpath
2005.06.22 12:35 B C:\Documents and Settings\herman\Mes documents\Big\.project --> exesol1.ifsic.univ-rennes1.fr /private/staff/n/an/herman/Big .project
2005.06.22 12:35 B C:\Documents and Settings\herman\Mes documents\Big\aaa.bat --> exesol1.ifsic.univ-rennes1.fr /private/staff/n/an/herman/Big aaa.bat
2005.06.22 12:35 B C:\Documents and Settings\herman\Mes documents\Big\automate.dtd --> exesol1.ifsic.univ-rennes1.fr /private/staff/n/an/herman/Big automate.dtd
2005.06.22 12:35 B C:\Documents and Settings\herman\Mes documents\Big\automate.xml --> exesol1.ifsic.univ-rennes1.fr /private/staff/n/an/herman/Big automate.xml
2005.06.22 12:35 B C:\Documents and Settings\herman\Mes documents\Big\automate.xsd --> exesol1.ifsic.univ-rennes1.fr /private/staff/n/an/herman/Big automate.xsd
2005.06.22 12:35 B C:\Documents and Settings\herman\Mes documents\Big\CatégoriesLexicales.java --> exesol1.ifsic.univ-rennes1.fr /private/staff/n/an/herman/Big CatégoriesLexicales.java
2005.06.22 12:35 B C:\Documents and Settings\herman\Mes documents\Big\Copie de livre.xsl --> exesol1.ifsic.univ-rennes1.fr /private/staff/n/an/herman/Big Copie de livre.xsl
2005.06.22 12:35 B C:\Documents and Settings\herman\Mes documents\Big\entete.xml --> exesol1.ifsic.univ-rennes1.fr /private/staff/n/an/herman/Big entete.xml
2005.06.22 12:35 B C:\Documents and Settings\herman\Mes documents\Big\ex1.big --> exesol1.ifsic.univ-rennes1.fr /private/staff/n/an/herman/Big ex1.big
2005.06.22 12:35 B C:\Documents and Settings\herman\Mes documents\Big\ex1.obj --> exesol1.ifsic.univ-rennes1.fr /private/staff/n/an/herman/Big ex1.obj
2005.06.22 12:35 B C:\Documents and Settings\herman\Mes documents\Big\ex1.xml --> exesol1.ifsic.univ-rennes1.fr /private/staff/n/an/herman/Big ex1.xml
2005.06.22 12:35 B C:\Documents and Settings\herman\Mes documents\Big\ex2.big --> exesol1.ifsic.univ-rennes1.fr /private/staff/n/an/herman/Big ex2.big
2005.06.22 12:35 B C:\Documents and Settings\herman\Mes documents\Big\ex2.obj --> exesol1.ifsic.univ-rennes1.fr /private/staff/n/an/herman/Big ex2.obj
2005.06.22 12:35 B C:\Documents and Settings\herman\Mes documents\Big\ex2.xml --> exesol1.ifsic.univ-rennes1.fr /private/staff/n/an/herman/Big ex2.xml
2005.06.22 12:35 B C:\Documents and Settings\herman\Mes documents\Big\grammaire-biglang-padre.eml --> exesol1.ifsic.univ-rennes1.fr /private/staff/n/an/herman/Big grammaire-biglang-padre.eml
2005.06.22 12:35 B C:\Documents and Settings\herman\Mes documents\Big\grammaire.dtd --> exesol1.ifsic.univ-rennes1.fr /private/staff/n/an/herman/Big grammaire.dtd
2005.06.22 12:35 B C:\Documents and Settings\herman\Mes documents\Big\grammaire.xml --> exesol1.ifsic.univ-rennes1.fr /private/staff/n/an/herman/Big grammaire.xml
2005.06.22 12:35 B C:\Documents and Settings\herman\Mes documents\Big\grammaire.xsd --> exesol1.ifsic.univ-rennes1.fr /private/staff/n/an/herman/Big grammaire.xsd
2005.06.22 12:35 B C:\Documents and Settings\herman\Mes documents\Big\grammaire.xsl --> exesol1.ifsic.univ-rennes1.fr /private/staff/n/an/herman/Big grammaire.xsl
2005.06.22 12:35 B C:\Documents and Settings\herman\Mes documents\Big\lex.big --> exesol1.ifsic.univ-rennes1.fr /private/staff/n/an/herman/Big lex.big
2005.06.22 12:35 B C:\Documents and Settings\herman\Mes documents\Big\string-width.xslt --> exesol1.ifsic.univ-rennes1.fr /private/staff/n/an/herman/Big string-width.xslt
2005.06.22 12:35 B C:\Documents and Settings\herman\Mes documents\Big\test.big --> exesol1.ifsic.univ-rennes1.fr /private/staff/n/an/herman/Big test.big
2005.06.22 12:35 B C:\Documents and Settings\herman\Mes documents\Big\test.obj --> exesol1.ifsic.univ-rennes1.fr /private/staff/n/an/herman/Big test.obj
2005.06.22 12:35 B C:\Documents and Settings\herman\Mes documents\Big\test.svg --> exesol1.ifsic.univ-rennes1.fr /private/staff/n/an/herman/Big test.svg
2005.06.22 12:35 B C:\Documents and Settings\herman\Mes documents\Big\test.xml --> exesol1.ifsic.univ-rennes1.fr /private/staff/n/an/herman/Big test.xml
2005.06.22 12:35 B C:\Documents and Settings\herman\Mes documents\Big\trunk.xslt --> exesol1.ifsic.univ-rennes1.fr /private/staff/n/an/herman/Big trunk.xslt
2005.06.22 12:35 B C:\Documents and Settings\herman\Mes documents\Big\WS_FTP.LOG --> exesol1.ifsic.univ-rennes1.fr /private/staff/n/an/herman/Big WS_FTP.LOG
2005.06.22 12:35 B C:\Documents and Settings\herman\Mes documents\Big\xml2svg.xslt --> exesol1.ifsic.univ-rennes1.fr /private/staff/n/an/herman/Big xml2svg.xslt
2005.06.22 17:39 B C:\Documents and Settings\herman\Mes documents\Big\.classpath --> exesol1.ifsic.univ-rennes1.fr /private/staff/n/an/herman/Big .classpath
2005.06.22 17:39 B C:\Documents and Settings\herman\Mes documents\Big\.project --> exesol1.ifsic.univ-rennes1.fr /private/staff/n/an/herman/Big .project
2005.06.22 17:39 B C:\Documents and Settings\herman\Mes documents\Big\automate.dtd --> exesol1.ifsic.univ-rennes1.fr /private/staff/n/an/herman/Big automate.dtd
2005.06.22 17:39 B C:\Documents and Settings\herman\Mes documents\Big\automate.xml --> exesol1.ifsic.univ-rennes1.fr /private/staff/n/an/herman/Big automate.xml
2005.06.22 17:39 B C:\Documents and Settings\herman\Mes documents\Big\automate.xsd --> exesol1.ifsic.univ-rennes1.fr /private/staff/n/an/herman/Big automate.xsd
2005.06.22 17:39 B C:\Documents and Settings\herman\Mes documents\Big\entete.xml --> exesol1.ifsic.univ-rennes1.fr /private/staff/n/an/herman/Big entete.xml
2005.06.22 17:39 B C:\Documents and Settings\herman\Mes documents\Big\ex1.big --> exesol1.ifsic.univ-rennes1.fr /private/staff/n/an/herman/Big ex1.big
2005.06.22 17:39 B C:\Documents and Settings\herman\Mes documents\Big\ex1.obj --> exesol1.ifsic.univ-rennes1.fr /private/staff/n/an/herman/Big ex1.obj
2005.06.22 17:39 B C:\Documents and Settings\herman\Mes documents\Big\ex1.xml --> exesol1.ifsic.univ-rennes1.fr /private/staff/n/an/herman/Big ex1.xml
2005.06.22 17:39 B C:\Documents and Settings\herman\Mes documents\Big\ex2.big --> exesol1.ifsic.univ-rennes1.fr /private/staff/n/an/herman/Big ex2.big
2005.06.22 17:39 B C:\Documents and Settings\herman\Mes documents\Big\ex2.obj --> exesol1.ifsic.univ-rennes1.fr /private/staff/n/an/herman/Big ex2.obj
2005.06.22 17:39 B C:\Documents and Settings\herman\Mes documents\Big\ex2.svg --> exesol1.ifsic.univ-rennes1.fr /private/staff/n/an/herman/Big ex2.svg
2005.06.22 17:39 B C:\Documents and Settings\herman\Mes documents\Big\ex2.xml --> exesol1.ifsic.univ-rennes1.fr /private/staff/n/an/herman/Big ex2.xml
2005.06.22 17:39 B C:\Documents and Settings\herman\Mes documents\Big\grammaire-biglang-padre.eml --> exesol1.ifsic.univ-rennes1.fr /private/staff/n/an/herman/Big grammaire-biglang-padre.eml
2005.06.22 17:39 B C:\Documents and Settings\herman\Mes documents\Big\grammaire.dtd --> exesol1.ifsic.univ-rennes1.fr /private/staff/n/an/herman/Big grammaire.dtd
2005.06.22 17:39 B C:\Documents and Settings\herman\Mes documents\Big\grammaire.xml --> exesol1.ifsic.univ-rennes1.fr /private/staff/n/an/herman/Big grammaire.xml
2005.06.22 17:39 B C:\Documents and Settings\herman\Mes documents\Big\grammaire.xsd --> exesol1.ifsic.univ-rennes1.fr /private/staff/n/an/herman/Big grammaire.xsd
2005.06.22 17:39 B C:\Documents and Settings\herman\Mes documents\Big\grammaire.xsl --> exesol1.ifsic.univ-rennes1.fr /private/staff/n/an/herman/Big grammaire.xsl
2005.06.22 17:39 B C:\Documents and Settings\herman\Mes documents\Big\lex.big --> exesol1.ifsic.univ-rennes1.fr /private/staff/n/an/herman/Big lex.big
2005.06.22 17:39 B C:\Documents and Settings\herman\Mes documents\Big\string-width.xslt --> exesol1.ifsic.univ-rennes1.fr /private/staff/n/an/herman/Big string-width.xslt
2005.06.22 17:39 B C:\Documents and Settings\herman\Mes documents\Big\test-base.svg --> exesol1.ifsic.univ-rennes1.fr /private/staff/n/an/herman/Big test-base.svg
2005.06.22 17:39 B C:\Documents and Settings\herman\Mes documents\Big\test.big --> exesol1.ifsic.univ-rennes1.fr /private/staff/n/an/herman/Big test.big
2005.06.22 17:39 B C:\Documents and Settings\herman\Mes documents\Big\test.obj --> exesol1.ifsic.univ-rennes1.fr /private/staff/n/an/herman/Big test.obj
2005.06.22 17:39 B C:\Documents and Settings\herman\Mes documents\Big\test.svg --> exesol1.ifsic.univ-rennes1.fr /private/staff/n/an/herman/Big test.svg
2005.06.22 17:39 B C:\Documents and Settings\herman\Mes documents\Big\test.xml --> exesol1.ifsic.univ-rennes1.fr /private/staff/n/an/herman/Big test.xml
2005.06.22 17:39 B C:\Documents and Settings\herman\Mes documents\Big\trunk.xslt --> exesol1.ifsic.univ-rennes1.fr /private/staff/n/an/herman/Big trunk.xslt
2005.06.22 17:39 B C:\Documents and Settings\herman\Mes documents\Big\WS_FTP.LOG --> exesol1.ifsic.univ-rennes1.fr /private/staff/n/an/herman/Big WS_FTP.LOG
2005.06.22 17:39 B C:\Documents and Settings\herman\Mes documents\Big\xml2svg.xslt --> exesol1.ifsic.univ-rennes1.fr /private/staff/n/an/herman/Big xml2svg.xslt
2006.01.04 15:24 B C:\Documents and Settings\herman\Mes documents\Big\.classpath --> exesol1.ifsic.univ-rennes1.fr /share/m2infopro/MNCO/Big .classpath
2006.01.04 15:24 B C:\Documents and Settings\herman\Mes documents\Big\.project --> exesol1.ifsic.univ-rennes1.fr /share/m2infopro/MNCO/Big .project
2006.01.04 15:24 B C:\Documents and Settings\herman\Mes documents\Big\automate.dtd --> exesol1.ifsic.univ-rennes1.fr /share/m2infopro/MNCO/Big automate.dtd
2006.01.04 15:24 B C:\Documents and Settings\herman\Mes documents\Big\automate.xml --> exesol1.ifsic.univ-rennes1.fr /share/m2infopro/MNCO/Big automate.xml
2006.01.04 15:24 B C:\Documents and Settings\herman\Mes documents\Big\automate.xsd --> exesol1.ifsic.univ-rennes1.fr /share/m2infopro/MNCO/Big automate.xsd
2006.01.04 15:24 B C:\Documents and Settings\herman\Mes documents\Big\entete.xml --> exesol1.ifsic.univ-rennes1.fr /share/m2infopro/MNCO/Big entete.xml
2006.01.04 15:24 B C:\Documents and Settings\herman\Mes documents\Big\ex1.big --> exesol1.ifsic.univ-rennes1.fr /share/m2infopro/MNCO/Big ex1.big
2006.01.04 15:24 B C:\Documents and Settings\herman\Mes documents\Big\ex1.obj --> exesol1.ifsic.univ-rennes1.fr /share/m2infopro/MNCO/Big ex1.obj
2006.01.04 15:24 B C:\Documents and Settings\herman\Mes documents\Big\ex1.xml --> exesol1.ifsic.univ-rennes1.fr /share/m2infopro/MNCO/Big ex1.xml
2006.01.04 15:24 B C:\Documents and Settings\herman\Mes documents\Big\ex2.big --> exesol1.ifsic.univ-rennes1.fr /share/m2infopro/MNCO/Big ex2.big
2006.01.04 15:24 B C:\Documents and Settings\herman\Mes documents\Big\ex2.obj --> exesol1.ifsic.univ-rennes1.fr /share/m2infopro/MNCO/Big ex2.obj
2006.01.04 15:24 B C:\Documents and Settings\herman\Mes documents\Big\ex2.svg --> exesol1.ifsic.univ-rennes1.fr /share/m2infopro/MNCO/Big ex2.svg
2006.01.04 15:24 B C:\Documents and Settings\herman\Mes documents\Big\ex2.xml --> exesol1.ifsic.univ-rennes1.fr /share/m2infopro/MNCO/Big ex2.xml
2006.01.04 15:24 B C:\Documents and Settings\herman\Mes documents\Big\grammaire-biglang-padre.eml --> exesol1.ifsic.univ-rennes1.fr /share/m2infopro/MNCO/Big grammaire-biglang-padre.eml
2006.01.04 15:24 B C:\Documents and Settings\herman\Mes documents\Big\grammaire.dtd --> exesol1.ifsic.univ-rennes1.fr /share/m2infopro/MNCO/Big grammaire.dtd
2006.01.04 15:24 B C:\Documents and Settings\herman\Mes documents\Big\grammaire.xml --> exesol1.ifsic.univ-rennes1.fr /share/m2infopro/MNCO/Big grammaire.xml
2006.01.04 15:24 B C:\Documents and Settings\herman\Mes documents\Big\grammaire.xsd --> exesol1.ifsic.univ-rennes1.fr /share/m2infopro/MNCO/Big grammaire.xsd
2006.01.04 15:24 B C:\Documents and Settings\herman\Mes documents\Big\grammaire.xsl --> exesol1.ifsic.univ-rennes1.fr /share/m2infopro/MNCO/Big grammaire.xsl
2006.01.04 15:24 B C:\Documents and Settings\herman\Mes documents\Big\lex.big --> exesol1.ifsic.univ-rennes1.fr /share/m2infopro/MNCO/Big lex.big
2006.01.04 15:24 B C:\Documents and Settings\herman\Mes documents\Big\loto.xml --> exesol1.ifsic.univ-rennes1.fr /share/m2infopro/MNCO/Big loto.xml
2006.01.04 15:24 B C:\Documents and Settings\herman\Mes documents\Big\string-width.xslt --> exesol1.ifsic.univ-rennes1.fr /share/m2infopro/MNCO/Big string-width.xslt
2006.01.04 15:24 B C:\Documents and Settings\herman\Mes documents\Big\test-base.svg --> exesol1.ifsic.univ-rennes1.fr /share/m2infopro/MNCO/Big test-base.svg
2006.01.04 15:24 B C:\Documents and Settings\herman\Mes documents\Big\test.big --> exesol1.ifsic.univ-rennes1.fr /share/m2infopro/MNCO/Big test.big
2006.01.04 15:24 B C:\Documents and Settings\herman\Mes documents\Big\test.obj --> exesol1.ifsic.univ-rennes1.fr /share/m2infopro/MNCO/Big test.obj
2006.01.04 15:24 B C:\Documents and Settings\herman\Mes documents\Big\test.svg --> exesol1.ifsic.univ-rennes1.fr /share/m2infopro/MNCO/Big test.svg
2006.01.04 15:24 B C:\Documents and Settings\herman\Mes documents\Big\test.xml --> exesol1.ifsic.univ-rennes1.fr /share/m2infopro/MNCO/Big test.xml
2006.01.04 15:24 B C:\Documents and Settings\herman\Mes documents\Big\trunk.xslt --> exesol1.ifsic.univ-rennes1.fr /share/m2infopro/MNCO/Big trunk.xslt
